▲ [WARNING] Deprecation [plugin angular-sass]

    src/app/components/ogrenci-sayfasi/ogrenci-yapay-zekali-testler-sayfasi/ogrenci-yapay-zekali-testler-sayfasi.component.scss:1:8:
      1 │ @import 'test-list-styles.scss';
        ╵         ^


  Sass @import rules are deprecated and will be removed in Dart Sass 3.0.0.

  More info and automated migrator: https://sass-lang.com/d/import


X [ERROR] NG5002: Can't have multiple template bindings on one element. Use only one attribute prefixed with * [plugin angular-compiler]

    src/app/components/ogrenci-sayfasi/ogrenci-yapay-zekali-testler-sayfasi/ogrenci-yapay-zekali-testler-sayfasi.component.html:239:17:
      239 │ ...          *ngIf="currentQuestion.secenekler[option] && current...
          ╵              ~~~~~~~~~~~~~~~~~~~~~~~~~~~~~~~~~~~~~~~~~~~~~~~~~~~~

  Error occurs in the template of component OgrenciYapayZekaliTestlerSayfasiComponent.

    src/app/components/ogrenci-sayfasi/ogrenci-yapay-zekali-testler-sayfasi/ogrenci-yapay-zekali-testler-sayfasi.component.ts:51:15:
      51 │ ...plateUrl: './ogrenci-yapay-zekali-testler-sayfasi.component.html',
         ╵              ~~~~~~~~~~~~~~~~~~~~~~~~~~~~~~~~~~~~~~~~~~~~~~~~~~~~~~~


X [ERROR] NG3: Element implicitly has an 'any' type because expression of type 'any' can't be used to index type '{ A: string; B: string; C: string; D: string; E?: string | undefined; }'. [plugin angular-compiler]    

    src/app/components/ogrenci-sayfasi/ogrenci-yapay-zekali-testler-sayfasi/ogrenci-yapay-zekali-testler-sayfasi.component.html:239:24:
      239 │ ...       *ngIf="currentQuestion.secenekler[option] && currentQue...
          ╵                  ~~~~~~~~~~~~~~~~~~~~~~~~~~~~~~~~~~

  Error occurs in the template of component OgrenciYapayZekaliTestlerSayfasiComponent.

    src/app/components/ogrenci-sayfasi/ogrenci-yapay-zekali-testler-sayfasi/ogrenci-yapay-zekali-testler-sayfasi.component.ts:51:15:
      51 │ ...plateUrl: './ogrenci-yapay-zekali-testler-sayfasi.component.html',
         ╵              ~~~~~~~~~~~~~~~~~~~~~~~~~~~~~~~~~~~~~~~~~~~~~~~~~~~~~~~


X [ERROR] NG9: Property 'option' does not exist on type 'OgrenciYapayZekaliTestlerSayfasiComponent'. [plugin angular-compiler]

    src/app/components/ogrenci-sayfasi/ogrenci-yapay-zekali-testler-sayfasi/ogrenci-yapay-zekali-testler-sayfasi.component.html:239:51:
      239 │ ..."currentQuestion.secenekler[option] && currentQuestion.secenek...
          ╵                                ~~~~~~

  Error occurs in the template of component OgrenciYapayZekaliTestlerSayfasiComponent.

    src/app/components/ogrenci-sayfasi/ogrenci-yapay-zekali-testler-sayfasi/ogrenci-yapay-zekali-testler-sayfasi.component.ts:51:15:
      51 │ ...plateUrl: './ogrenci-yapay-zekali-testler-sayfasi.component.html',
         ╵              ~~~~~~~~~~~~~~~~~~~~~~~~~~~~~~~~~~~~~~~~~~~~~~~~~~~~~~~


X [ERROR] NG3: Element implicitly has an 'any' type because expression of type 'any' can't be used to index type '{ A: string; B: string; C: string; D: string; E?: string | undefined; }'. [plugin angular-compiler]    

    src/app/components/ogrenci-sayfasi/ogrenci-yapay-zekali-testler-sayfasi/ogrenci-yapay-zekali-testler-sayfasi.component.html:239:62:
      239 │ ...kler[option] && currentQuestion.secenekler[option].trim() !== ''"
          ╵                    ~~~~~~~~~~~~~~~~~~~~~~~~~~~~~~~~~~

  Error occurs in the template of component OgrenciYapayZekaliTestlerSayfasiComponent.

    src/app/components/ogrenci-sayfasi/ogrenci-yapay-zekali-testler-sayfasi/ogrenci-yapay-zekali-testler-sayfasi.component.ts:51:15:
      51 │ ...plateUrl: './ogrenci-yapay-zekali-testler-sayfasi.component.html',
         ╵              ~~~~~~~~~~~~~~~~~~~~~~~~~~~~~~~~~~~~~~~~~~~~~~~~~~~~~~~


X [ERROR] NG9: Property 'option' does not exist on type 'OgrenciYapayZekaliTestlerSayfasiComponent'. [plugin angular-compiler]

    src/app/components/ogrenci-sayfasi/ogrenci-yapay-zekali-testler-sayfasi/ogrenci-yapay-zekali-testler-sayfasi.component.html:239:89:
      239 │ ...kler[option] && currentQuestion.secenekler[option].trim() !== ''"
          ╵                                               ~~~~~~

  Error occurs in the template of component OgrenciYapayZekaliTestlerSayfasiComponent.

    src/app/components/ogrenci-sayfasi/ogrenci-yapay-zekali-testler-sayfasi/ogrenci-yapay-zekali-testler-sayfasi.component.ts:51:15:
      51 │ ...plateUrl: './ogrenci-yapay-zekali-testler-sayfasi.component.html',
         ╵              ~~~~~~~~~~~~~~~~~~~~~~~~~~~~~~~~~~~~~~~~~~~~~~~~~~~~~~~


X [ERROR] NG3: Element implicitly has an 'any' type because expression of type 'any' can't be used to index type '{ A: string; B: string; C: string; D: string; E?: string | undefined; }'. [plugin angular-compiler]    

    src/app/components/ogrenci-sayfasi/ogrenci-yapay-zekali-testler-sayfasi/ogrenci-yapay-zekali-testler-sayfasi.component.html:243:42:
      243 │ ...lass="option-text">{{ currentQuestion.secenekler[option] }}</div>
          ╵                          ~~~~~~~~~~~~~~~~~~~~~~~~~~~~~~~~~~

  Error occurs in the template of component OgrenciYapayZekaliTestlerSayfasiComponent.

    src/app/components/ogrenci-sayfasi/ogrenci-yapay-zekali-testler-sayfasi/ogrenci-yapay-zekali-testler-sayfasi.component.ts:51:15:
      51 │ ...plateUrl: './ogrenci-yapay-zekali-testler-sayfasi.component.html',
         ╵  